0 info it worked if it ends with ok
1 verbose cli [ 'D:\\reactNativeDev\\node_js\\node.exe',
1 verbose cli   'D:\\reactNativeDev\\node_js\\node_modules\\npm\\bin\\npm-cli.js',
1 verbose cli   'start' ]
2 info using npm@3.9.5
3 info using node@v6.2.2
4 verbose stack Error: ENOENT: no such file or directory, open 'D:\my_code\ReactNativeTest1\package.json'
4 verbose stack     at Error (native)
5 verbose cwd D:\my_code\ReactNativeTest1
6 error Windows_NT 6.1.7600
7 error argv "D:\\reactNativeDev\\node_js\\node.exe" "D:\\reactNativeDev\\node_js\\node_modules\\npm\\bin\\npm-cli.js" "start"
8 error node v6.2.2
9 error npm  v3.9.5
10 error path D:\my_code\ReactNativeTest1\package.json
11 error code ENOENT
12 error errno -4058
13 error syscall open
14 error enoent ENOENT: no such file or directory, open 'D:\my_code\ReactNativeTest1\package.json'
15 error enoent ENOENT: no such file or directory, open 'D:\my_code\ReactNativeTest1\package.json'
15 error enoent This is most likely not a problem with npm itself
15 error enoent and is related to npm not being able to find a file.
16 verbose exit [ -4058, true ]
